c:\ymkang_work\development\proj15a_tsp\2015_gpu_tsp\mbcscx\gpu_abcscx\gpumbcscx\debug\vc120.pdb
c:\ymkang_work\development\proj15a_tsp\2015_gpu_tsp\mbcscx\gpu_abcscx\gpumbcscx\debug\vc120.idb
c:\ymkang_work\development\proj15a_tsp\2015_gpu_tsp\mbcscx\gpu_abcscx\gpumbcscx\debug\citylocdata.obj
c:\ymkang_work\development\proj15a_tsp\2015_gpu_tsp\mbcscx\gpu_abcscx\gpumbcscx\debug\genetictspsolver.obj
c:\ymkang_work\development\proj15a_tsp\2015_gpu_tsp\mbcscx\gpu_abcscx\gpumbcscx\debug\gputspsolver.obj
c:\ymkang_work\development\proj15a_tsp\2015_gpu_tsp\mbcscx\gpu_abcscx\gpumbcscx\debug\main.obj
c:\ymkang_work\development\proj15a_tsp\2015_gpu_tsp\mbcscx\gpu_abcscx\gpumbcscx\debug\openglmgr.obj
c:\ymkang_work\development\proj15a_tsp\2015_gpu_tsp\mbcscx\gpu_abcscx\gpumbcscx\debug\utilities.obj
c:\ymkang_work\development\proj15a_tsp\2015_gpu_tsp\mbcscx\gpu_abcscx\debug\gpumbcscx.ilk
c:\ymkang_work\development\proj15a_tsp\2015_gpu_tsp\mbcscx\gpu_abcscx\debug\gpumbcscx.exe
c:\ymkang_work\development\proj15a_tsp\2015_gpu_tsp\mbcscx\gpu_abcscx\debug\gpumbcscx.pdb
c:\ymkang_work\development\proj15a_tsp\2015_gpu_tsp\mbcscx\gpu_abcscx\gpumbcscx\debug\gputspsolverkernel.cu.cache
c:\ymkang_work\development\proj15a_tsp\2015_gpu_tsp\mbcscx\gpu_abcscx\gpumbcscx\debug\kernel.cu.cache
c:\ymkang_work\development\proj15a_tsp\2015_gpu_tsp\mbcscx\gpu_abcscx\gpumbcscx\debug\gputspsolverkernel.cu.obj
c:\ymkang_work\development\proj15a_tsp\2015_gpu_tsp\mbcscx\gpu_abcscx\gpumbcscx\debug\kernel.cu.obj
c:\ymkang_work\development\proj15a_tsp\2015_gpu_tsp\mbcscx\gpu_abcscx\gpumbcscx\debug\gpumbcscx.tlog\cl.command.1.tlog
c:\ymkang_work\development\proj15a_tsp\2015_gpu_tsp\mbcscx\gpu_abcscx\gpumbcscx\debug\gpumbcscx.tlog\cl.read.1.tlog
c:\ymkang_work\development\proj15a_tsp\2015_gpu_tsp\mbcscx\gpu_abcscx\gpumbcscx\debug\gpumbcscx.tlog\cl.write.1.tlog
c:\ymkang_work\development\proj15a_tsp\2015_gpu_tsp\mbcscx\gpu_abcscx\gpumbcscx\debug\gpumbcscx.tlog\link.command.1.tlog
c:\ymkang_work\development\proj15a_tsp\2015_gpu_tsp\mbcscx\gpu_abcscx\gpumbcscx\debug\gpumbcscx.tlog\link.read.1.tlog
c:\ymkang_work\development\proj15a_tsp\2015_gpu_tsp\mbcscx\gpu_abcscx\gpumbcscx\debug\gpumbcscx.tlog\link.write.1.tlog
